This is pdfTeX, Version 3.1415926-2.5-1.40.14 (TeX Live 2013/Debian) (format=pdflatex 2015.7.2)  6 JUL 2015 15:30
entering extended mode
 restricted \write18 enabled.
 %&-line parsing enabled.
**Cavity_SAB_2015.tex
(./Cavity_SAB_2015.tex
LaTeX2e <2011/06/27>
Babel <3.9h> and hyphenation patterns for 2 languages loaded.
(/usr/share/texlive/texmf-dist/tex/latex/a0poster/a0poster.cls
Document Class: a0poster 2004/01/31 v1.22b a0poster class (GK, MW)
(/usr/share/texlive/texmf-dist/tex/latex/base/article.cls
Document Class: article 2007/10/19 v1.4h Standard LaTeX document class
(/usr/share/texlive/texmf-dist/tex/latex/base/size10.clo
File: size10.clo 2007/10/19 v1.4h Standard LaTeX file (size option)
)
\c@part=\count79
\c@section=\count80
\c@subsection=\count81
\c@subsubsection=\count82
\c@paragraph=\count83
\c@subparagraph=\count84
\c@figure=\count85
\c@table=\count86
\abovecaptionskip=\skip41
\belowcaptionskip=\skip42
\bibindent=\dimen102
)
\xkoord=\count87
\ykoord=\count88
\xscale=\count89
\yscale=\count90
\tausch=\dimen103
\Ausgabe=\write3
\openout3 = `a0header.ps'.


(/usr/share/texlive/texmf-dist/tex/latex/a0poster/a0size.sty
File: a0size.sty 2004/01/31 v1.22b a0poster class (GK, MW)
LaTeX Font Info:    Redeclaring symbol font `largesymbols' on input line 229.
LaTeX Font Info:    Overwriting symbol font `largesymbols' in version `normal'
(Font)                  OMX/cmex/m/n --> OMX/cmex/m/n on input line 229.
LaTeX Font Info:    Overwriting symbol font `largesymbols' in version `bold'
(Font)                  OMX/cmex/m/n --> OMX/cmex/m/n on input line 229.
\big@size=\dimen104
))
(/usr/share/texlive/texmf-dist/tex/latex/graphics/epsfig.sty
Package: epsfig 1999/02/16 v1.7a (e)psfig emulation (SPQR)

(/usr/share/texlive/texmf-dist/tex/latex/graphics/graphicx.sty
Package: graphicx 1999/02/16 v1.0f Enhanced LaTeX Graphics (DPC,SPQR)

(/usr/share/texlive/texmf-dist/tex/latex/graphics/keyval.sty
Package: keyval 1999/03/16 v1.13 key=value parser (DPC)
\KV@toks@=\toks14
)
(/usr/share/texlive/texmf-dist/tex/latex/graphics/graphics.sty
Package: graphics 2009/02/05 v1.0o Standard LaTeX Graphics (DPC,SPQR)

(/usr/share/texlive/texmf-dist/tex/latex/graphics/trig.sty
Package: trig 1999/03/16 v1.09 sin cos tan (DPC)
)
(/usr/share/texlive/texmf-dist/tex/latex/latexconfig/graphics.cfg
File: graphics.cfg 2010/04/23 v1.9 graphics configuration of TeX Live
)
Package graphics Info: Driver file: pdftex.def on input line 91.

(/usr/share/texlive/texmf-dist/tex/latex/pdftex-def/pdftex.def
File: pdftex.def 2011/05/27 v0.06d Graphics/color for pdfTeX

(/usr/share/texlive/texmf-dist/tex/generic/oberdiek/infwarerr.sty
Package: infwarerr 2010/04/08 v1.3 Providing info/warning/error messages (HO)
)
(/usr/share/texlive/texmf-dist/tex/generic/oberdiek/ltxcmds.sty
Package: ltxcmds 2011/11/09 v1.22 LaTeX kernel commands for general use (HO)
)
\Gread@gobject=\count91
))
\Gin@req@height=\dimen105
\Gin@req@width=\dimen106
)
\epsfxsize=\dimen107
\epsfysize=\dimen108
)
(/usr/share/texlive/texmf-dist/tex/latex/tools/multicol.sty
Package: multicol 2011/06/27 v1.7a multicolumn formatting (FMi)
\c@tracingmulticols=\count92
\mult@box=\box26
\multicol@leftmargin=\dimen109
\c@unbalance=\count93
\c@collectmore=\count94
\doublecol@number=\count95
\multicoltolerance=\count96
\multicolpretolerance=\count97
\full@width=\dimen110
\page@free=\dimen111
\premulticols=\dimen112
\postmulticols=\dimen113
\multicolsep=\skip43
\multicolbaselineskip=\skip44
\partial@page=\box27
\last@line=\box28
\mult@rightbox=\box29
\mult@grightbox=\box30
\mult@gfirstbox=\box31
\mult@firstbox=\box32
\@tempa=\box33
\@tempa=\box34
\@tempa=\box35
\@tempa=\box36
\@tempa=\box37
\@tempa=\box38
\@tempa=\box39
\@tempa=\box40
\@tempa=\box41
\@tempa=\box42
\@tempa=\box43
\@tempa=\box44
\@tempa=\box45
\@tempa=\box46
\@tempa=\box47
\@tempa=\box48
\@tempa=\box49
\c@columnbadness=\count98
\c@finalcolumnbadness=\count99
\last@try=\dimen114
\multicolovershoot=\dimen115
\multicolundershoot=\dimen116
\mult@nat@firstbox=\box50
\colbreak@box=\box51
\multicol@sort@counter=\count100
)
(/usr/share/texlive/texmf-dist/tex/latex/pstricks/pstricks.sty
Package: pstricks 2013/12/12 v0.60 LaTeX wrapper for `PSTricks' (RN,HV)

(/usr/share/texlive/texmf-dist/tex/generic/oberdiek/ifpdf.sty
Package: ifpdf 2011/01/30 v2.3 Provides the ifpdf switch (HO)
Package ifpdf Info: pdfTeX in PDF mode is detected.
)
(/usr/share/texlive/texmf-dist/tex/generic/pstricks/pstricks.tex
(/usr/share/texlive/texmf-dist/tex/generic/xkeyval/pst-xkey.tex
File: pst-xkey.tex 2005/11/25 v1.6 PSTricks specialization of xkeyval (HA)

(/usr/share/texlive/texmf-dist/tex/latex/xkeyval/xkeyval.sty
Package: xkeyval 2012/10/14 v2.6b package option processing (HA)

(/usr/share/texlive/texmf-dist/tex/generic/xkeyval/xkeyval.tex
\XKV@toks=\toks15
\XKV@tempa@toks=\toks16
\XKV@depth=\count101
File: xkeyval.tex 2012/10/14 v2.6b key=value parser (HA)
)))
(/usr/share/texlive/texmf-dist/tex/generic/pstricks/pst-fp.tex
`pst-fp' v0.05, 2010/01/17 (hv)
\pstFP@xs=\count102
\pstFP@xia=\count103
\pstFP@xib=\count104
\pstFP@xfa=\count105
\pstFP@xfb=\count106
\pstFP@rega=\count107
\pstFP@regb=\count108
\pstFP@regs=\count109
\pstFP@times=\count110
)
(/usr/share/texmf/tex/generic/pgf/utilities/pgfutil-common.tex
\pgfutil@everybye=\toks17
)
(/usr/share/texmf/tex/generic/pgf/utilities/pgfkeys.code.tex
\pgfkeys@pathtoks=\toks18
\pgfkeys@temptoks=\toks19

(/usr/share/texmf/tex/generic/pgf/utilities/pgfkeysfiltered.code.tex
\pgfkeys@tmptoks=\toks20
))
(/usr/share/texmf/tex/generic/pgf/utilities/pgffor.code.tex
\pgffor@iter=\dimen117
\pgffor@skip=\dimen118
\pgffor@stack=\toks21
\pgffor@toks=\toks22
)
\psLoopIndex=\count111

`PSTricks' v2.51  <2014/02/03> (tvz)
\pst@dima=\dimen119
\pst@dimb=\dimen120
\pst@dimc=\dimen121
\pst@dimd=\dimen122
\pst@dimg=\dimen123
\pst@dimh=\dimen124
\pst@dimm=\dimen125
\pst@dimn=\dimen126
\pst@dimo=\dimen127
\pst@dimp=\dimen128
\pst@hbox=\box52
\pst@ibox=\box53
\pst@boxg=\box54
\pst@cnta=\count112
\pst@cntb=\count113
\pst@cntc=\count114
\pst@cntd=\count115
\pst@cntg=\count116
\pst@cnth=\count117
\pst@cntm=\count118
\pst@cntn=\count119
\pst@cnto=\count120
\pst@cntp=\count121
\@zero=\count122
\pst@toks=\toks23
(/usr/share/texlive/texmf-dist/tex/generic/pstricks/pstricks.con)
\psunit=\dimen129
\psxunit=\dimen130
\psyunit=\dimen131
\pst@C@@rType=\count123
\pslinewidth=\dimen132
\psk@startLW=\dimen133
\psk@endLW=\dimen134
\pst@customdefs=\toks24
\pslinearc=\dimen135
\pst@symbolStep=\dimen136
\pst@symbolWidth=\dimen137
\pst@symbolLinewidth=\dimen138
\everypsbox=\toks25
\psframesep=\dimen139
\pslabelsep=\dimen140
\sh@wgridXunit=\dimen141
\sh@wgridYunit=\dimen142
\pst@shift=\dimen143
)
File: pstricks.tex 2014/02/03 v2.51 `PSTricks' (tvz,hv)

(/usr/share/texlive/texmf-dist/tex/generic/pstricks/pst-fp.tex)
File: pst-fp.tex 2014/02/03 v2.51 `PST-fp' (hv)

(/usr/share/texmf/tex/latex/xcolor/xcolor.sty
Package: xcolor 2007/01/21 v2.11 LaTeX color extensions (UK)

(/usr/share/texlive/texmf-dist/tex/latex/latexconfig/color.cfg
File: color.cfg 2007/01/18 v1.5 color configuration of teTeX/TeXLive
)
Package xcolor Info: Driver file: pdftex.def on input line 225.
Package xcolor Info: Model `cmy' substituted by `cmy0' on input line 1337.
Package xcolor Info: Model `hsb' substituted by `rgb' on input line 1341.
Package xcolor Info: Model `RGB' extended on input line 1353.
Package xcolor Info: Model `HTML' substituted by `rgb' on input line 1355.
Package xcolor Info: Model `Hsb' substituted by `hsb' on input line 1356.
Package xcolor Info: Model `tHsb' substituted by `hsb' on input line 1357.
Package xcolor Info: Model `HSB' substituted by `hsb' on input line 1358.
Package xcolor Info: Model `Gray' substituted by `gray' on input line 1359.
Package xcolor Info: Model `wave' substituted by `hsb' on input line 1360.
))
(/usr/share/texlive/texmf-dist/tex/latex/pst-grad/pst-grad.sty
Package: pst-grad 2004/07/15 package wrapper for pst-grad.tex (hv)

(/usr/share/texlive/texmf-dist/tex/generic/pst-grad/pst-grad.tex
`pst-grad' v1.06, 2006/11/27 (tvz,dg,hv))
File: pst-grad.tex 2006/11/27 1.06 `pst-grad' (tvz)
)
No file Cavity_SAB_2015.aux.
\openout1 = `Cavity_SAB_2015.aux'.

LaTeX Font Info:    Checking defaults for OML/cmm/m/it on input line 96.
LaTeX Font Info:    ... okay on input line 96.
LaTeX Font Info:    Checking defaults for T1/cmr/m/n on input line 96.
LaTeX Font Info:    ... okay on input line 96.
LaTeX Font Info:    Checking defaults for OT1/cmr/m/n on input line 96.
LaTeX Font Info:    ... okay on input line 96.
LaTeX Font Info:    Checking defaults for OMS/cmsy/m/n on input line 96.
LaTeX Font Info:    ... okay on input line 96.
LaTeX Font Info:    Checking defaults for OMX/cmex/m/n on input line 96.
LaTeX Font Info:    ... okay on input line 96.
LaTeX Font Info:    Checking defaults for U/cmr/m/n on input line 96.
LaTeX Font Info:    ... okay on input line 96.
(/usr/share/texlive/texmf-dist/tex/context/base/supp-pdf.mkii
[Loading MPS to PDF converter (version 2006.09.02).]
\scratchcounter=\count124
\scratchdimen=\dimen144
\scratchbox=\box55
\nofMPsegments=\count125
\nofMParguments=\count126
\everyMPshowfont=\toks26
\MPscratchCnt=\count127
\MPscratchDim=\dimen145
\MPnumerator=\count128
\makeMPintoPDFobject=\count129
\everyMPtoPDFconversion=\toks27
) (/usr/share/texlive/texmf-dist/tex/generic/oberdiek/pdftexcmds.sty
Package: pdftexcmds 2011/11/29 v0.20 Utility functions of pdfTeX for LuaTeX (HO
)

(/usr/share/texlive/texmf-dist/tex/generic/oberdiek/ifluatex.sty
Package: ifluatex 2010/03/01 v1.3 Provides the ifluatex switch (HO)
Package ifluatex Info: LuaTeX not detected.
)
Package pdftexcmds Info: LuaTeX not detected.
Package pdftexcmds Info: \pdf@primitive is available.
Package pdftexcmds Info: \pdf@ifprimitive is available.
Package pdftexcmds Info: \pdfdraftmode found.
)
(/usr/share/texlive/texmf-dist/tex/latex/oberdiek/epstopdf-base.sty
Package: epstopdf-base 2010/02/09 v2.5 Base part for package epstopdf

(/usr/share/texlive/texmf-dist/tex/latex/oberdiek/grfext.sty
Package: grfext 2010/08/19 v1.1 Manage graphics extensions (HO)

(/usr/share/texlive/texmf-dist/tex/generic/oberdiek/kvdefinekeys.sty
Package: kvdefinekeys 2011/04/07 v1.3 Define keys (HO)
))
(/usr/share/texlive/texmf-dist/tex/latex/oberdiek/kvoptions.sty
Package: kvoptions 2011/06/30 v3.11 Key value format for package options (HO)

(/usr/share/texlive/texmf-dist/tex/generic/oberdiek/kvsetkeys.sty
Package: kvsetkeys 2012/04/25 v1.16 Key value parser (HO)

(/usr/share/texlive/texmf-dist/tex/generic/oberdiek/etexcmds.sty
Package: etexcmds 2011/02/16 v1.5 Avoid name clashes with e-TeX commands (HO)
Package etexcmds Info: Could not find \expanded.
(etexcmds)             That can mean that you are not using pdfTeX 1.50 or
(etexcmds)             that some package has redefined \expanded.
(etexcmds)             In the latter case, load this package earlier.
)))
Package grfext Info: Graphics extension search list:
(grfext)             [.png,.pdf,.jpg,.mps,.jpeg,.jbig2,.jb2,.PNG,.PDF,.JPG,.JPE
G,.JBIG2,.JB2,.eps]
(grfext)             \AppendGraphicsExtensions on input line 452.

(/usr/share/texlive/texmf-dist/tex/latex/latexconfig/epstopdf-sys.cfg
File: epstopdf-sys.cfg 2010/07/13 v1.3 Configuration of (r)epstopdf for TeX Liv
e
))
<CQT_Logo_CMYK.jpg, id=1, 4149.5025pt x 948.54375pt>
File: CQT_Logo_CMYK.jpg Graphic file (type jpg)
 <use CQT_Logo_CMYK.jpg>
Package pdftex.def Info: CQT_Logo_CMYK.jpg used on input line 113.
(pdftex.def)             Requested size: 398.33858pt x 91.05338pt.

Overfull \hbox (286.85323pt too wide) in paragraph at lines 113--114
 [] 
 []

<NUS_logo_full-horizontal.jpg, id=2, 237.0456pt x 109.1277pt>
File: NUS_logo_full-horizontal.jpg Graphic file (type jpg)

<use NUS_logo_full-horizontal.jpg>
Package pdftex.def Info: NUS_logo_full-horizontal.jpg used on input line 130.
(pdftex.def)             Requested size: 227.62204pt x 104.79468pt.

Overfull \hbox (4.65132pt too wide) in paragraph at lines 130--131
 [] 
 []

Package epstopdf Info: Source file: <cavitything.eps>
(epstopdf)                    date: 2015-06-12 12:11:09
(epstopdf)                    size: 10467 bytes
(epstopdf)             Output file: <cavitything-eps-converted-to.pdf>
(epstopdf)                    date: 2015-06-17 16:02:48
(epstopdf)                    size: 8912 bytes
(epstopdf)             Command: <repstopdf --outfile=cavitything-eps-converted-
to.pdf cavitything.eps>
(epstopdf)             \includegraphics on input line 156.
Package epstopdf Info: Output file is already uptodate.
<cavitything-eps-converted-to.pdf, id=3, 304.13625pt x 144.54pt>
File: cavitything-eps-converted-to.pdf Graphic file (type pdf)

<use cavitything-eps-converted-to.pdf>
Package pdftex.def Info: cavitything-eps-converted-to.pdf used on input line 15
6.
(pdftex.def)             Requested size: 493.37408pt x 234.4821pt.

<coupling_strength.pdf, id=4, 427.7204pt x 294.9796pt>
File: coupling_strength.pdf Graphic file (type pdf)

<use coupling_strength.pdf>
Package pdftex.def Info: coupling_strength.pdf used on input line 165.
(pdftex.def)             Requested size: 493.37408pt x 340.25462pt.

<plano_convex_abberations.pdf, id=5, 427.7204pt x 294.9796pt>
File: plano_convex_abberations.pdf Graphic file (type pdf)

<use plano_convex_abberations.pdf>
Package pdftex.def Info: plano_convex_abberations.pdf used on input line 183.
(pdftex.def)             Requested size: 750.47124pt x 517.60382pt.
Package epstopdf Info: Source file: <cavity_design.eps>
(epstopdf)                    date: 2015-06-12 12:11:08
(epstopdf)                    size: 50317 bytes
(epstopdf)             Output file: <cavity_design-eps-converted-to.pdf>
(epstopdf)                    date: 2015-06-17 16:03:55
(epstopdf)                    size: 8157 bytes
(epstopdf)             Command: <repstopdf --outfile=cavity_design-eps-converte
d-to.pdf cavity_design.eps>
(epstopdf)             \includegraphics on input line 204.
Package epstopdf Info: Output file is already uptodate.

<cavity_design-eps-converted-to.pdf, id=6, 189.70876pt x 185.69376pt>
File: cavity_design-eps-converted-to.pdf Graphic file (type pdf)

<use cavity_design-eps-converted-to.pdf>
Package pdftex.def Info: cavity_design-eps-converted-to.pdf used on input line 
204.
(pdftex.def)             Requested size: 321.6352pt x 314.862pt.

<setup_sideon.png, id=7, 1256.2935pt x 726.91576pt>
File: setup_sideon.png Graphic file (type png)
 <use setup_sideon.png>
Package pdftex.def Info: setup_sideon.png used on input line 206.
(pdftex.def)             Requested size: 536.05322pt x 310.17184pt.

<plano_convex_abberations+cooperativity.pdf, id=8, 796.44487pt x 294.9796pt>
File: plano_convex_abberations+cooperativity.pdf Graphic file (type pdf)

<use plano_convex_abberations+cooperativity.pdf>
Package pdftex.def Info: plano_convex_abberations+cooperativity.pdf used on inp
ut line 222.
(pdftex.def)             Requested size: 1072.10645pt x 397.10701pt.

<cavity_fsr.pdf, id=9, 796.44487pt x 294.9796pt>
File: cavity_fsr.pdf Graphic file (type pdf)
 <use cavity_fsr.pdf>
Package pdftex.def Info: cavity_fsr.pdf used on input line 231.
(pdftex.def)             Requested size: 1072.10645pt x 397.10701pt.

<cavity_output_hist.pdf, id=10, 427.7204pt x 294.9796pt>
File: cavity_output_hist.pdf Graphic file (type pdf)

<use cavity_output_hist.pdf>
Package pdftex.def Info: cavity_output_hist.pdf used on input line 247.
(pdftex.def)             Requested size: 750.47124pt x 517.60382pt.
 [1
Non-PDF special ignored!
Non-PDF special ignored!
Non-PDF special ignored!
Non-PDF special ignored!
Non-PDF special ignored!


Non-PDF special ignored!
Non-PDF special ignored!
Non-PDF special ignored!
Non-PDF special ignored!
Non-PDF special ignored!{/var/lib/texmf/fonts/map/pdftex/updmap/pdftex.map} <./
CQT_Logo_CMYK.jpg> <./NUS_logo_full-horizontal.jpg> <./cavitything-eps-converte
d-to.pdf> <./coupling_strength.pdf> <./plano_convex_abberations.pdf

pdfTeX warning: pdflatex (file ./plano_convex_abberations.pdf): PDF inclusion: 
multiple pdfs with page group included in a single page
> <./cavity_design-eps-converted-to.pdf> <./setup_sideon.png> <./plano_convex_a
bberations+cooperativity.pdf

pdfTeX warning: pdflatex (file ./plano_convex_abberations+cooperativity.pdf): P
DF inclusion: multiple pdfs with page group included in a single page
> <./cavity_fsr.pdf

pdfTeX warning: pdflatex (file ./cavity_fsr.pdf): PDF inclusion: multiple pdfs 
with page group included in a single page
> <./cavity_output_hist.pdf

pdfTeX warning: pdflatex (file ./cavity_output_hist.pdf): PDF inclusion: multip
le pdfs with page group included in a single page
>] (./Cavity_SAB_2015.aux) ) 
Here is how much of TeX's memory you used:
 4441 strings out of 495028
 70445 string characters out of 6181498
 174151 words of memory out of 5000000
 7574 multiletter control sequences out of 15000+600000
 10301 words of font info for 37 fonts, out of 8000000 for 9000
 14 hyphenation exceptions out of 8191
 38i,10n,52p,586b,507s stack positions out of 5000i,500n,10000p,200000b,80000s
</usr/share/texlive/texmf-dist/fonts/type1/public/a
msfonts/cm/cmcsc10.pfb></usr/share/texlive/texmf-dist/fonts/type1/public/amsfon
ts/cm/cmex10.pfb></usr/share/texlive/texmf-dist/fonts/type1/public/amsfonts/cm/
cmmi12.pfb></usr/share/texlive/texmf-dist/fonts/type1/public/amsfonts/cm/cmr12.
pfb></usr/share/texlive/texmf-dist/fonts/type1/public/amsfonts/cm/cmr17.pfb></u
sr/share/texlive/texmf-dist/fonts/type1/public/amsfonts/cm/cmss17.pfb></usr/sha
re/texlive/texmf-dist/fonts/type1/public/amsfonts/cm/cmssbx10.pfb></usr/share/t
exlive/texmf-dist/fonts/type1/urw/helvetic/uhvr8a.pfb>
Output written on Cavity_SAB_2015.pdf (1 page, 20627629 bytes).
PDF statistics:
 120 PDF objects out of 1000 (max. 8388607)
 61 compressed objects within 1 object stream
 0 named destinations out of 1000 (max. 500000)
 51 words of extra memory for PDF output out of 10000 (max. 10000000)

